<?xml version="1.0" encoding="utf-8"?><testsuites name="pytest tests"><testsuite name="pytest" errors="0" failures="0" skipped="0" tests="16" time="2.092" timestamp="2026-03-15T16:33:40.534659+00:00" hostname="agent-env-d0076276-b6e2-46e5-bc52-7450e8e3d62c"><testcase classname="backend.tests.test_documents_email.TestWelcomeEmail" name="test_welcome_email_on_registration" time="0.589" /><testcase classname="backend.tests.test_documents_email.TestWelcomeEmail" name="test_admin_send_welcome_email_endpoint_exists" time="0.276" /><testcase classname="backend.tests.test_documents_email.TestFormateurSendEmail" name="test_formateur_send_email_endpoint_works" time="0.240" /><testcase classname="backend.tests.test_documents_email.TestFormateurSendEmail" name="test_formateur_send_email_missing_params" time="0.058" /><testcase classname="backend.tests.test_documents_email.TestFormateurSendEmail" name="test_formateur_send_email_invalid_token" time="0.053" /><testcase classname="backend.tests.test_documents_email.TestDocumentUpload" name="test_document_upload_to_groupe" time="0.078" /><testcase classname="backend.tests.test_documents_email.TestDocumentUpload" name="test_document_upload_to_stagiaire" time="0.053" /><testcase classname="backend.tests.test_documents_email.TestDocumentUpload" name="test_document_upload_missing_groupe_id" time="0.059" /><testcase classname="backend.tests.test_documents_email.TestDocumentUpload" name="test_document_upload_invalid_token" time="0.054" /><testcase classname="backend.tests.test_documents_email.TestDocumentListing" name="test_formateur_get_documents" time="0.051" /><testcase classname="backend.tests.test_documents_email.TestDocumentListing" name="test_stagiaire_get_documents" time="0.067" /><testcase classname="backend.tests.test_documents_email.TestDocumentListing" name="test_documents_have_required_fields" time="0.049" /><testcase classname="backend.tests.test_documents_email.TestDocumentDownload" name="test_download_document" time="0.128" /><testcase classname="backend.tests.test_documents_email.TestDocumentDownload" name="test_download_nonexistent_document" time="0.051" /><testcase classname="backend.tests.test_documents_email.TestDocumentDelete" name="test_delete_document" time="0.165" /><testcase classname="backend.tests.test_documents_email.TestDocumentDelete" name="test_delete_nonexistent_document" time="0.050" /></testsuite></testsuites>